#-----------------------------------------------------------
# Vivado v2018.3 (64-bit)
# SW Build 2405991 on Thu Dec  6 23:38:27 MST 2018
# IP Build 2404404 on Fri Dec  7 01:43:56 MST 2018
# Start of session at: Tue Nov  5 10:49:17 2024
# Process ID: 5692
# Current directory: D:/cours/vivado doc/party 4
# Command line: vivado.exe -gui_launcher_event rodinguilauncherevent18600 D:\cours\vivado doc\party 4\party 4.xpr
# Log file: D:/cours/vivado doc/party 4/vivado.log
# Journal file: D:/cours/vivado doc/party 4\vivado.jou
#-----------------------------------------------------------
start_gui
open_project {D:/cours/vivado doc/party 4/party 4.xpr}
Scanning sources...
Finished scanning sources
INFO: [IP_Flow 19-234] Refreshing IP repositories
INFO: [IP_Flow 19-1704] No user IP repositories specified
INFO: [IP_Flow 19-2313] Loaded Vivado IP repository 'C:/Xilinx/Vivado/2018.3/data/ip'.
open_project: Time (s): cpu = 00:00:22 ; elapsed = 00:00:13 . Memory (MB): peak = 672.484 ; gain = 81.723
update_compile_order -fileset sources_1
exit
INFO: [Common 17-206] Exiting Vivado at Tue Nov  5 11:10:53 2024...
